build/app/intermediates/manifest_merge_blame_file/debug/manifest-merger-blame-debug-report.txt
1<?xml version="1.0" encoding="utf-8"?>
2<manifest xmlns:android="http://schemas.android.com/apk/res/android"
3    package="com.fooddelivery"
4    android:versionCode="1"
5    android:versionName="1.0.0" >
6
7    <uses-sdk
8        android:minSdkVersion="23"
9        android:targetSdkVersion="31" />
10    <!--
11         Flutter needs it to communicate with the running application
12         to allow setting breakpoints, to provide hot reload, etc.
13    -->
14    <uses-permission android:name="android.permission.INTERNET" />
14-->src/debug/AndroidManifest.xml:6:5-66
14-->src/debug/AndroidManifest.xml:6:22-64
15    <uses-permission android:name="android.permission.ACCESS_FINE_LOCATION" />
15-->[:geolocator] AndroidManifest.xml:7:5-79
15-->[:geolocator] AndroidManifest.xml:7:22-76
16    <uses-permission android:name="android.permission.ACCESS_NETWORK_STATE" />
16-->[com.google.android.exoplayer:exoplayer-core:2.14.1] AndroidManifest.xml:24:5-79
16-->[com.google.android.exoplayer:exoplayer-core:2.14.1] AndroidManifest.xml:24:22-76
17
18    <uses-feature
18-->[com.google.android.gms:play-services-maps:17.0.0] AndroidManifest.xml:26:5-28:35
19        android:glEsVersion="0x00020000"
19-->[com.google.android.gms:play-services-maps:17.0.0] AndroidManifest.xml:27:9-41
20        android:required="true" />
20-->[com.google.android.gms:play-services-maps:17.0.0] AndroidManifest.xml:28:9-32
21
22    <application
22-->src/main/AndroidManifest.xml:3:5-33:19
23        android:appComponentFactory="androidx.core.app.CoreComponentFactory"
23-->[androidx.core:core:1.6.0] AndroidManifest.xml:24:18-86
24        android:debuggable="true"
25        android:icon="@mipmap/ic_launcher"
25-->src/main/AndroidManifest.xml:6:9-43
26        android:label="fooddelivery"
26-->src/main/AndroidManifest.xml:5:9-37
27        android:usesCleartextTraffic="true" >
27-->src/main/AndroidManifest.xml:4:9-44
28        <meta-data
28-->src/main/AndroidManifest.xml:7:9-8:45
29            android:name="com.google.android.geo.API_KEY"
29-->src/main/AndroidManifest.xml:7:20-65
30            android:value="GOOGLE API KEY" />
30-->src/main/AndroidManifest.xml:8:13-43
31
32        <activity
32-->src/main/AndroidManifest.xml:9:9-29:20
33            android:name="com.fooddelivery.MainActivity"
33-->src/main/AndroidManifest.xml:10:13-41
34            android:configChanges="orientation|keyboardHidden|keyboard|screenSize|smallestScreenSize|locale|layoutDirection|fontScale|screenLayout|density|uiMode"
34-->src/main/AndroidManifest.xml:14:13-163
35            android:exported="true"
35-->src/main/AndroidManifest.xml:12:13-36
36            android:hardwareAccelerated="true"
36-->src/main/AndroidManifest.xml:15:13-47
37            android:launchMode="singleTop"
37-->src/main/AndroidManifest.xml:11:13-43
38            android:theme="@style/LaunchTheme"
38-->src/main/AndroidManifest.xml:13:13-47
39            android:windowSoftInputMode="adjustResize" >
39-->src/main/AndroidManifest.xml:16:13-55
40            <meta-data
40-->src/main/AndroidManifest.xml:17:13-20:17
41                android:name="io.flutter.embedding.android.NormalTheme"
41-->src/main/AndroidManifest.xml:18:15-70
42                android:resource="@style/NormalTheme" />
42-->src/main/AndroidManifest.xml:19:15-52
43            <meta-data
43-->src/main/AndroidManifest.xml:21:13-24:17
44                android:name="io.flutter.embedding.android.SplashScreenDrawable"
44-->src/main/AndroidManifest.xml:22:15-79
45                android:resource="@drawable/launch_background" />
45-->src/main/AndroidManifest.xml:23:15-61
46
47            <intent-filter>
47-->src/main/AndroidManifest.xml:25:13-28:29
48                <action android:name="android.intent.action.MAIN" />
48-->src/main/AndroidManifest.xml:26:17-68
48-->src/main/AndroidManifest.xml:26:25-66
49
50                <category android:name="android.intent.category.LAUNCHER" />
50-->src/main/AndroidManifest.xml:27:17-76
50-->src/main/AndroidManifest.xml:27:27-74
51            </intent-filter>
52        </activity>
53
54        <meta-data
54-->src/main/AndroidManifest.xml:30:9-32:33
55            android:name="flutterEmbedding"
55-->src/main/AndroidManifest.xml:31:13-44
56            android:value="2" />
56-->src/main/AndroidManifest.xml:32:13-30
57
58        <provider
58-->[:image_picker] AndroidManifest.xml:8:9-16:20
59            android:name="io.flutter.plugins.imagepicker.ImagePickerFileProvider"
59-->[:image_picker] AndroidManifest.xml:9:13-82
60            android:authorities="com.fooddelivery.flutter.image_provider"
60-->[:image_picker] AndroidManifest.xml:10:13-74
61            android:exported="false"
61-->[:image_picker] AndroidManifest.xml:11:13-37
62            android:grantUriPermissions="true" >
62-->[:image_picker] AndroidManifest.xml:12:13-47
63            <meta-data
63-->[:image_picker] AndroidManifest.xml:13:13-15:75
64                android:name="android.support.FILE_PROVIDER_PATHS"
64-->[:image_picker] AndroidManifest.xml:14:17-67
65                android:resource="@xml/flutter_image_picker_file_paths" />
65-->[:image_picker] AndroidManifest.xml:15:17-72
66        </provider>
67
68        <activity
68-->[:url_launcher] AndroidManifest.xml:8:9-11:74
69            android:name="io.flutter.plugins.urllauncher.WebViewActivity"
69-->[:url_launcher] AndroidManifest.xml:9:13-74
70            android:exported="false"
70-->[:url_launcher] AndroidManifest.xml:10:13-37
71            android:theme="@android:style/Theme.NoTitleBar.Fullscreen" />
71-->[:url_launcher] AndroidManifest.xml:11:13-71
72
73        <uses-library
73-->[androidx.window:window:1.0.0-beta04] AndroidManifest.xml:25:9-27:40
74            android:name="androidx.window.extensions"
74-->[androidx.window:window:1.0.0-beta04] AndroidManifest.xml:26:13-54
75            android:required="false" />
75-->[androidx.window:window:1.0.0-beta04] AndroidManifest.xml:27:13-37
76        <uses-library
76-->[androidx.window:window:1.0.0-beta04] AndroidManifest.xml:28:9-30:40
77            android:name="androidx.window.sidecar"
77-->[androidx.window:window:1.0.0-beta04] AndroidManifest.xml:29:13-51
78            android:required="false" /> <!-- Needs to be explicitly declared on P+ -->
78-->[androidx.window:window:1.0.0-beta04] AndroidManifest.xml:30:13-37
79        <uses-library
79-->[com.google.android.gms:play-services-maps:17.0.0] AndroidManifest.xml:33:9-35:40
80            android:name="org.apache.http.legacy"
80-->[com.google.android.gms:play-services-maps:17.0.0] AndroidManifest.xml:34:13-50
81            android:required="false" />
81-->[com.google.android.gms:play-services-maps:17.0.0] AndroidManifest.xml:35:13-37
82
83        <activity
83-->[com.google.android.gms:play-services-base:17.2.1] AndroidManifest.xml:23:9-26:75
84            android:name="com.google.android.gms.common.api.GoogleApiActivity"
84-->[com.google.android.gms:play-services-base:17.2.1] AndroidManifest.xml:24:13-79
85            android:exported="false"
85-->[com.google.android.gms:play-services-base:17.2.1] AndroidManifest.xml:25:13-37
86            android:theme="@android:style/Theme.Translucent.NoTitleBar" />
86-->[com.google.android.gms:play-services-base:17.2.1] AndroidManifest.xml:26:13-72
87
88        <meta-data
88-->[com.google.android.gms:play-services-basement:17.2.1] AndroidManifest.xml:23:9-25:69
89            android:name="com.google.android.gms.version"
89-->[com.google.android.gms:play-services-basement:17.2.1] AndroidManifest.xml:24:13-58
90            android:value="@integer/google_play_services_version" />
90-->[com.google.android.gms:play-services-basement:17.2.1] AndroidManifest.xml:25:13-66
91    </application>
92
93</manifest>